<?xml version="1.0" encoding="UTF-8"?>
<testng-results skipped="0" failed="1" ignored="0" total="1" passed="0">
  <reporter-output>
  </reporter-output>
  <suite name="Default suite" duration-ms="222924" started-at="2021-09-26T14:52:32 IST" finished-at="2021-09-26T14:56:14 IST">
    <groups>
      <group name="cucumber">
        <method signature="AbstractTestNGCucumberTests.feature(cucumber.api.testng.CucumberFeatureWrapper)[pri:0, instance:bdd.cucumberrunner@679b62af]" name="feature" class="cucumber.api.testng.AbstractTestNGCucumberTests"/>
      </group> <!-- cucumber -->
    </groups>
    <test name="Default test" duration-ms="222924" started-at="2021-09-26T14:52:32 IST" finished-at="2021-09-26T14:56:14 IST">
      <class name="bdd.cucumberrunner">
        <test-method status="PASS" signature="setUpClass()[pri:0, instance:bdd.cucumberrunner@679b62af]" name="setUpClass" is-config="true" duration-ms="712" started-at="2021-09-26T14:52:32 IST" finished-at="2021-09-26T14:52:32 IST">
          <reporter-output>
          </reporter-output>
        </test-method> <!-- setUpClass -->
        <test-method status="FAIL" signature="feature(cucumber.api.testng.CucumberFeatureWrapper)[pri:0, instance:bdd.cucumberrunner@679b62af]" name="feature" duration-ms="222021" started-at="2021-09-26T14:52:32 IST" description="Runs Cucumber Feature" data-provider="features" finished-at="2021-09-26T14:56:14 IST">
          <params>
            <param index="0">
              <value>
                <![CDATA[Load Urban Ladder]]>
              </value>
            </param>
          </params>
          <exception class="cucumber.runtime.CucumberException">
            <message>
              <![CDATA[java.lang.Exception: The following element is not clickable:[By.xpath: //*[@id="header"]/div[1]/div/section[3]/ul/li[2]/span/ul/li[2]/a]]]>
            </message>
            <full-stacktrace>
              <![CDATA[cucumber.runtime.CucumberException: java.lang.Exception: The following element is not clickable:[By.xpath: //*[@id="header"]/div[1]/div/section[3]/ul/li[2]/span/ul/li[2]/a]
at cucumber.api.testng.TestNGCucumberRunner.runCucumber(TestNGCucumberRunner.java:69)
at cucumber.api.testng.AbstractTestNGCucumberTests.feature(AbstractTestNGCucumberTests.java:21)
at sun.reflect.NativeMethodAccessorImpl.invoke0(Native Method)
at sun.reflect.NativeMethodAccessorImpl.invoke(NativeMethodAccessorImpl.java:62)
at sun.reflect.DelegatingMethodAccessorImpl.invoke(DelegatingMethodAccessorImpl.java:43)
at java.lang.reflect.Method.invoke(Method.java:498)
at org.testng.internal.MethodInvocationHelper.invokeMethod(MethodInvocationHelper.java:133)
at org.testng.internal.TestInvoker.invokeMethod(TestInvoker.java:598)
at org.testng.internal.TestInvoker.invokeTestMethod(TestInvoker.java:173)
at org.testng.internal.MethodRunner.runInSequence(MethodRunner.java:46)
at org.testng.internal.TestInvoker$MethodInvocationAgent.invoke(TestInvoker.java:824)
at org.testng.internal.TestInvoker.invokeTestMethods(TestInvoker.java:146)
at org.testng.internal.TestMethodWorker.invokeTestMethods(TestMethodWorker.java:146)
at org.testng.internal.TestMethodWorker.run(TestMethodWorker.java:128)
at java.util.ArrayList.forEach(ArrayList.java:1259)
at org.testng.TestRunner.privateRun(TestRunner.java:794)
at org.testng.TestRunner.run(TestRunner.java:596)
at org.testng.SuiteRunner.runTest(SuiteRunner.java:377)
at org.testng.SuiteRunner.runSequentially(SuiteRunner.java:371)
at org.testng.SuiteRunner.privateRun(SuiteRunner.java:332)
at org.testng.SuiteRunner.run(SuiteRunner.java:276)
at org.testng.SuiteRunnerWorker.runSuite(SuiteRunnerWorker.java:53)
at org.testng.SuiteRunnerWorker.run(SuiteRunnerWorker.java:96)
at org.testng.TestNG.runSuitesSequentially(TestNG.java:1212)
at org.testng.TestNG.runSuitesLocally(TestNG.java:1134)
at org.testng.TestNG.runSuites(TestNG.java:1063)
at org.testng.TestNG.run(TestNG.java:1031)
at org.testng.remote.AbstractRemoteTestNG.run(AbstractRemoteTestNG.java:115)
at org.testng.remote.RemoteTestNG.initAndRun(RemoteTestNG.java:251)
at org.testng.remote.RemoteTestNG.main(RemoteTestNG.java:77)
Caused by: java.lang.Exception: The following element is not clickable:[By.xpath: //*[@id="header"]/div[1]/div/section[3]/ul/li[2]/span/ul/li[2]/a]
at com.demo.reusablecomponents.ReusableMethods.click(ReusableMethods.java:67)
at bdd.Mystepdefinition.navigate_to_login_and_enter_username_something_and_password_something(Mystepdefinition.java:49)
at âœ½.When Navigate to Login and enter username "esakonunaidu09@gmail.com"  and password "NaiduKris"(src/main/java/features/Bdd.feature:8)
]]>
            </full-stacktrace>
          </exception> <!-- cucumber.runtime.CucumberException -->
          <reporter-output>
          </reporter-output>
        </test-method> <!-- feature -->
        <test-method status="PASS" signature="tearDownClass()[pri:0, instance:bdd.cucumberrunner@679b62af]" name="tearDownClass" is-config="true" duration-ms="30" started-at="2021-09-26T14:56:14 IST" finished-at="2021-09-26T14:56:14 IST">
          <reporter-output>
          </reporter-output>
        </test-method> <!-- tearDownClass -->
      </class> <!-- bdd.cucumberrunner -->
    </test> <!-- Default test -->
  </suite> <!-- Default suite -->
</testng-results>
