<?xml version="1.0" encoding="UTF-8"?>
<!-- Generated by org.testng.reporters.JUnitReportReporter -->
<testsuite skipped="0" hostname="DESKTOP-HULQI6A" name="runner.comprehensive" tests="10" failures="0" timestamp="2021-09-26T14:41:00 IST" time="179.017" errors="1">
  <testcase name="login" time="64.716" classname="runner.comprehensive"/>
  <system-out/>
  <testcase name="select" time="15.676" classname="runner.comprehensive"/>
  <system-out/>
  <testcase name="Track" time="11.855" classname="runner.comprehensive"/>
  <system-out/>
  <testcase name="store" time="16.500" classname="runner.comprehensive"/>
  <system-out/>
  <testcase name="sale" time="9.869" classname="runner.comprehensive"/>
  <system-out/>
  <testcase name="help" time="2.309" classname="runner.comprehensive"/>
  <system-out/>
  <testcase name="Dining" time="5.391" classname="runner.comprehensive">
    <error type="java.lang.Exception" message="The following element is not clickable:[By.xpath: //*[@id=&quot;topnav_wrapper&quot;]/ul/li[4]/div/div/ul/li[1]/ul/li[3]/a/span]">
      <![CDATA[java.lang.Exception: The following element is not clickable:[By.xpath: //*[@id="topnav_wrapper"]/ul/li[4]/div/div/ul/li[1]/ul/li[3]/a/span]
at com.demo.reusablecomponents.ReusableMethods.click(ReusableMethods.java:67)
at runner.comprehensive.Dining(comprehensive.java:123)
at sun.reflect.NativeMethodAccessorImpl.invoke0(Native Method)
at sun.reflect.NativeMethodAccessorImpl.invoke(NativeMethodAccessorImpl.java:62)
at sun.reflect.DelegatingMethodAccessorImpl.invoke(DelegatingMethodAccessorImpl.java:43)
at java.lang.reflect.Method.invoke(Method.java:498)
at org.testng.internal.MethodInvocationHelper.invokeMethod(MethodInvocationHelper.java:133)
at org.testng.internal.TestInvoker.invokeMethod(TestInvoker.java:598)
at org.testng.internal.TestInvoker.invokeTestMethod(TestInvoker.java:173)
at org.testng.internal.MethodRunner.runInSequence(MethodRunner.java:46)
at org.testng.internal.TestInvoker$MethodInvocationAgent.invoke(TestInvoker.java:824)
at org.testng.internal.TestInvoker.invokeTestMethods(TestInvoker.java:146)
at org.testng.internal.TestMethodWorker.invokeTestMethods(TestMethodWorker.java:146)
at org.testng.internal.TestMethodWorker.run(TestMethodWorker.java:128)
at java.util.ArrayList.forEach(ArrayList.java:1259)
at org.testng.TestRunner.privateRun(TestRunner.java:794)
at org.testng.TestRunner.run(TestRunner.java:596)
at org.testng.SuiteRunner.runTest(SuiteRunner.java:377)
at org.testng.SuiteRunner.runSequentially(SuiteRunner.java:371)
at org.testng.SuiteRunner.privateRun(SuiteRunner.java:332)
at org.testng.SuiteRunner.run(SuiteRunner.java:276)
at org.testng.SuiteRunnerWorker.runSuite(SuiteRunnerWorker.java:53)
at org.testng.SuiteRunnerWorker.run(SuiteRunnerWorker.java:96)
at org.testng.TestNG.runSuitesSequentially(TestNG.java:1212)
at org.testng.TestNG.runSuitesLocally(TestNG.java:1134)
at org.testng.TestNG.runSuites(TestNG.java:1063)
at org.testng.TestNG.run(TestNG.java:1031)
at org.testng.remote.AbstractRemoteTestNG.run(AbstractRemoteTestNG.java:115)
at org.testng.remote.RemoteTestNG.initAndRun(RemoteTestNG.java:251)
at org.testng.remote.RemoteTestNG.main(RemoteTestNG.java:77)
]]>
    </error>
  </testcase> <!-- Dining -->
  <system-out/>
  <testcase name="Collection" time="24.429" classname="runner.comprehensive"/>
  <system-out/>
  <testcase name="kidroom" time="23.994" classname="runner.comprehensive"/>
  <system-out/>
  <testcase name="gift" time="4.278" classname="runner.comprehensive"/>
  <system-out/>
</testsuite> <!-- runner.comprehensive -->
